<?xml version="1.0" encoding="UTF-8"?>
<!-- Generated by org.testng.reporters.JUnitReportReporter -->
<testsuite skipped="0" hostname="DESKTOP-GT80QV6" name="testCases.testDemo" tests="1" failures="0" timestamp="2022-05-08T13:07:47 IST" time="1.474" errors="0">
  <testcase name="verifyApplicationURL" time="1.474" classname="testCases.testDemo"/>
  <system-out/>
</testsuite> <!-- testCases.testDemo -->
